Using pre-set license
Built from '2021.3/staging' branch; Version is '2021.3.18f1 (3129e69bc0c7) revision 3221990'; Using compiler version '192829333'; Build Type 'Release'
OS: 'Windows 11  (10.0.22621) 64bit Core' Language: 'en' Physical Memory: 32469 MB
BatchMode: 1, IsHumanControllingUs: 0, StartBugReporterOnCrash: 0, Is64bit: 1, IsPro: 1

COMMAND LINE ARGUMENTS:
C:\Program Files\Unity 2021.3.18f1\Editor\Unity.exe
-adb2
-batchMode
-noUpm
-name
AssetImportWorker2
-projectPath
C:/Users/hunte/OneDrive/Documents/GitHub/Pop-Con-23-Unity-Game/PopCon23
-logFile
Logs/AssetImportWorker2.log
-srvPort
65270
Successfully changed project path to: C:/Users/hunte/OneDrive/Documents/GitHub/Pop-Con-23-Unity-Game/PopCon23
C:/Users/hunte/OneDrive/Documents/GitHub/Pop-Con-23-Unity-Game/PopCon23
[UnityMemory] Configuration Parameters - Can be set up in boot.config
    "memorysetup-bucket-allocator-granularity=16"
    "memorysetup-bucket-allocator-bucket-count=8"
    "memorysetup-bucket-allocator-block-size=33554432"
    "memorysetup-bucket-allocator-block-count=8"
    "memorysetup-main-allocator-block-size=16777216"
    "memorysetup-thread-allocator-block-size=16777216"
    "memorysetup-gfx-main-allocator-block-size=16777216"
    "memorysetup-gfx-thread-allocator-block-size=16777216"
    "memorysetup-cache-allocator-block-size=4194304"
    "memorysetup-typetree-allocator-block-size=2097152"
    "memorysetup-profiler-bucket-allocator-granularity=16"
    "memorysetup-profiler-bucket-allocator-bucket-count=8"
    "memorysetup-profiler-bucket-allocator-block-size=33554432"
    "memorysetup-profiler-bucket-allocator-block-count=8"
    "memorysetup-profiler-allocator-block-size=16777216"
    "memorysetup-profiler-editor-allocator-block-size=1048576"
    "memorysetup-temp-allocator-size-main=16777216"
    "memorysetup-job-temp-allocator-block-size=2097152"
    "memorysetup-job-temp-allocator-block-size-background=1048576"
    "memorysetup-job-temp-allocator-reduction-small-platforms=262144"
    "memorysetup-temp-allocator-size-background-worker=32768"
    "memorysetup-temp-allocator-size-job-worker=262144"
    "memorysetup-temp-allocator-size-preload-manager=33554432"
    "memorysetup-temp-allocator-size-nav-mesh-worker=65536"
    "memorysetup-temp-allocator-size-audio-worker=65536"
    "memorysetup-temp-allocator-size-cloud-worker=32768"
    "memorysetup-temp-allocator-size-gi-baking-worker=262144"
    "memorysetup-temp-allocator-size-gfx=262144"
Player connection [12916] Host "[IP] 192.168.6.7 [Port] 0 [Flags] 2 [Guid] 2284501188 [EditorId] 2284501188 [Version] 1048832 [Id] WindowsEditor(7,MSI) [Debug] 1 [PackageName] WindowsEditor [ProjectName] Editor" joined multi-casting on [225.0.0.222:54997]...

Player connection [12916] Host "[IP] 192.168.6.7 [Port] 0 [Flags] 2 [Guid] 2284501188 [EditorId] 2284501188 [Version] 1048832 [Id] WindowsEditor(7,MSI) [Debug] 1 [PackageName] WindowsEditor [ProjectName] Editor" joined alternative multi-casting on [225.0.0.222:34997]...

Refreshing native plugins compatible for Editor in 56.40 ms, found 6 plugins.
Preloading 0 native plugins for Editor in 0.00 ms.
Initialize engine version: 2021.3.18f1 (3129e69bc0c7)
[Subsystems] Discovering subsystems at path C:/Program Files/Unity 2021.3.18f1/Editor/Data/Resources/UnitySubsystems
[Subsystems] Discovering subsystems at path C:/Users/hunte/OneDrive/Documents/GitHub/Pop-Con-23-Unity-Game/PopCon23/Assets
GfxDevice: creating device client; threaded=0; jobified=0
Direct3D:
    Version:  Direct3D 11.0 [level 11.1]
    Renderer: NVIDIA GeForce RTX 3060 Laptop GPU (ID=0x2520)
    Vendor:   NVIDIA
    VRAM:     6023 MB
    Driver:   30.0.15.1215
Initialize mono
Mono path[0] = 'C:/Program Files/Unity 2021.3.18f1/Editor/Data/Managed'
Mono path[1] = 'C:/Program Files/Unity 2021.3.18f1/Editor/Data/MonoBleedingEdge/lib/mono/unityjit-win32'
Mono config path = 'C:/Program Files/Unity 2021.3.18f1/Editor/Data/MonoBleedingEdge/etc'
Using monoOptions --debugger-agent=transport=dt_socket,embedding=1,server=y,suspend=n,address=127.0.0.1:56628
Begin MonoManager ReloadAssembly
Registering precompiled unity dll's ...
Register platform support module: C:/Program Files/Unity 2021.3.18f1/Editor/Data/PlaybackEngines/WindowsStandaloneSupport/UnityEditor.WindowsStandalone.Extensions.dll
Registered in 0.002136 seconds.
Native extension for WindowsStandalone target not found
Refreshing native plugins compatible for Editor in 46.17 ms, found 6 plugins.
Preloading 0 native plugins for Editor in 0.00 ms.
Mono: successfully reloaded assembly
- Completed reload, in  0.437 seconds
Domain Reload Profiling:
	ReloadAssembly (437ms)
		BeginReloadAssembly (71ms)
			ExecutionOrderSort (0ms)
			DisableScriptedObjects (0ms)
			BackupInstance (0ms)
			ReleaseScriptingObjects (0ms)
			CreateAndSetChildDomain (1ms)
		EndReloadAssembly (286ms)
			LoadAssemblies (70ms)
			RebuildTransferFunctionScriptingTraits (0ms)
			SetupTypeCache (69ms)
			ReleaseScriptCaches (0ms)
			RebuildScriptCaches (19ms)
			SetupLoadedEditorAssemblies (165ms)
				LogAssemblyErrors (0ms)
				InitializePlatformSupportModulesInManaged (5ms)
				SetLoadedEditorAssemblies (0ms)
				RefreshPlugins (46ms)
				BeforeProcessingInitializeOnLoad (1ms)
				ProcessInitializeOnLoadAttributes (84ms)
				ProcessInitializeOnLoadMethodAttributes (28ms)
				AfterProcessingInitializeOnLoad (0ms)
				EditorAssembliesLoaded (0ms)
			ExecutionOrderSort2 (0ms)
			AwakeInstancesAfterBackupRestoration (0ms)
Platform modules already initialized, skipping
Registering precompiled user dll's ...
Registered in 0.004691 seconds.
Begin MonoManager ReloadAssembly
Symbol file LoadedFromMemory doesn't match image C:\Users\hunte\OneDrive\Documents\GitHub\Pop-Con-23-Unity-Game\PopCon23\Library\PackageCache\com.unity.visualscripting@1.8.0\Editor\VisualScripting.Core\Dependencies\YamlDotNet\Unity.VisualScripting.YamlDotNet.dll
Symbol file LoadedFromMemory doesn't match image C:\Users\hunte\OneDrive\Documents\GitHub\Pop-Con-23-Unity-Game\PopCon23\Library\PackageCache\com.unity.visualscripting@1.8.0\Editor\VisualScripting.Core\Dependencies\DotNetZip\Unity.VisualScripting.IonicZip.dll
Native extension for WindowsStandalone target not found
Refreshing native plugins compatible for Editor in 0.40 ms, found 6 plugins.
Preloading 0 native plugins for Editor in 0.00 ms.
Mono: successfully reloaded assembly
- Completed reload, in  0.640 seconds
Domain Reload Profiling:
	ReloadAssembly (640ms)
		BeginReloadAssembly (69ms)
			ExecutionOrderSort (0ms)
			DisableScriptedObjects (3ms)
			BackupInstance (0ms)
			ReleaseScriptingObjects (0ms)
			CreateAndSetChildDomain (12ms)
		EndReloadAssembly (499ms)
			LoadAssemblies (82ms)
			RebuildTransferFunctionScriptingTraits (0ms)
			SetupTypeCache (154ms)
			ReleaseScriptCaches (0ms)
			RebuildScriptCaches (34ms)
			SetupLoadedEditorAssemblies (207ms)
				LogAssemblyErrors (0ms)
				InitializePlatformSupportModulesInManaged (3ms)
				SetLoadedEditorAssemblies (0ms)
				RefreshPlugins (0ms)
				BeforeProcessingInitializeOnLoad (47ms)
				ProcessInitializeOnLoadAttributes (141ms)
				ProcessInitializeOnLoadMethodAttributes (11ms)
				AfterProcessingInitializeOnLoad (4ms)
				EditorAssembliesLoaded (0ms)
			ExecutionOrderSort2 (0ms)
			AwakeInstancesAfterBackupRestoration (4ms)
Platform modules already initialized, skipping
========================================================================
Worker process is ready to serve import requests
Launched and connected shader compiler UnityShaderCompiler.exe after 0.04 seconds
Refreshing native plugins compatible for Editor in 0.71 ms, found 6 plugins.
Preloading 0 native plugins for Editor in 0.00 ms.
Unloading 3294 Unused Serialized files (Serialized files now loaded: 0)
Unloading 34 unused Assets / (457.5 KB). Loaded Objects now: 3745.
Memory consumption went from 117.1 MB to 116.7 MB.
Total: 3.881900 ms (FindLiveObjects: 0.229700 ms CreateObjectMapping: 0.366900 ms MarkObjects: 3.003500 ms  DeleteObjects: 0.280700 ms)

AssetImportParameters requested are different than current active one (requested -> active):
  custom:video-decoder-ogg-theora: a1e56fd34408186e4bbccfd4996cb3dc -> 
  custom:container-muxer-webm: aa71ff27fc2769a1b78a27578f13a17b -> 
  custom:container-demuxer-webm: 4f35f7cbe854078d1ac9338744f61a02 -> 
  custom:video-encoder-webm-vp8: eb34c28f22e8b96e1ab97ce403110664 -> 
  custom:audio-encoder-webm-vorbis: bf7c407c2cedff20999df2af8eb42d56 -> 
  custom:framework-win-MediaFoundation: 216162199b28c13a410421893ffa2e32 -> 
  custom:container-demuxer-ogg: 62fdf1f143b41e24485cea50d1cbac27 -> 
  custom:video-decoder-webm-vp8: 9c59270c3fd7afecdb556c50c9e8de78 -> 
  custom:audio-decoder-ogg-vorbis: bf7c407c2cedff20999df2af8eb42d56 -> 
========================================================================
Received Import Request.
  Time since last request: 342711.717719 seconds.
  path: Assets/113 2D Item Icon Pack/Sprite/SilverOre.png
  artifactKey: Guid(b991e919d18a0459aa163fc3c5145e63) Importer(815301076,1909f56bfc062723c751e8b465ee728b)
Start importing Assets/113 2D Item Icon Pack/Sprite/SilverOre.png using Guid(b991e919d18a0459aa163fc3c5145e63) Importer(815301076,1909f56bfc062723c751e8b465ee728b)  -> (artifact id: 'c7af70924e0937ec5d60fff7eaad98a7') in 0.077143 seconds 
========================================================================
Received Import Request.
  Time since last request: 0.186860 seconds.
  path: Assets/113 2D Item Icon Pack/Sprite/SkeletonCore.png
  artifactKey: Guid(7c844ea34185c4a9182720e8671d417e) Importer(815301076,1909f56bfc062723c751e8b465ee728b)
Start importing Assets/113 2D Item Icon Pack/Sprite/SkeletonCore.png using Guid(7c844ea34185c4a9182720e8671d417e) Importer(815301076,1909f56bfc062723c751e8b465ee728b)  -> (artifact id: '888dab9dada942d29650b0210a9bac54') in 0.018413 seconds 
========================================================================
Received Import Request.
  Time since last request: 0.000016 seconds.
  path: Assets/113 2D Item Icon Pack/Sprite/SpiritCrystal.png
  artifactKey: Guid(9e28a7d8330a74cbb8ecf0ea6ba8820a) Importer(815301076,1909f56bfc062723c751e8b465ee728b)
Start importing Assets/113 2D Item Icon Pack/Sprite/SpiritCrystal.png using Guid(9e28a7d8330a74cbb8ecf0ea6ba8820a) Importer(815301076,1909f56bfc062723c751e8b465ee728b)  -> (artifact id: '48cc882fbd6628159b1d95d7ab6caf00') in 0.015532 seconds 
========================================================================
Received Import Request.
  Time since last request: 0.000016 seconds.
  path: Assets/113 2D Item Icon Pack/Sprite/StickyLiquid.png
  artifactKey: Guid(a5833503a1f1243e2b5419bfd4f81b18) Importer(815301076,1909f56bfc062723c751e8b465ee728b)
Start importing Assets/113 2D Item Icon Pack/Sprite/StickyLiquid.png using Guid(a5833503a1f1243e2b5419bfd4f81b18) Importer(815301076,1909f56bfc062723c751e8b465ee728b)  -> (artifact id: 'ec447f44af23f1c0e17a94c84562a905') in 0.019618 seconds 
========================================================================
Received Import Request.
  Time since last request: 0.000019 seconds.
  path: Assets/113 2D Item Icon Pack/Sprite/Talon.png
  artifactKey: Guid(80816007c7e1148f9a12edc61d693895) Importer(815301076,1909f56bfc062723c751e8b465ee728b)
Start importing Assets/113 2D Item Icon Pack/Sprite/Talon.png using Guid(80816007c7e1148f9a12edc61d693895) Importer(815301076,1909f56bfc062723c751e8b465ee728b)  -> (artifact id: '8185ee52455f57340130251ebec5ccec') in 0.016230 seconds 
========================================================================
Received Import Request.
  Time since last request: 0.000016 seconds.
  path: Assets/113 2D Item Icon Pack/Sprite/SuperiorRefindKit.png
  artifactKey: Guid(5f9d209c44826420497f8c252b09c2e8) Importer(815301076,1909f56bfc062723c751e8b465ee728b)
Start importing Assets/113 2D Item Icon Pack/Sprite/SuperiorRefindKit.png using Guid(5f9d209c44826420497f8c252b09c2e8) Importer(815301076,1909f56bfc062723c751e8b465ee728b)  -> (artifact id: 'f99b3c7b0f405c08f14a9ed7db33a7b6') in 0.013459 seconds 
========================================================================
Received Import Request.
  Time since last request: 0.013350 seconds.
  path: Assets/113 2D Item Icon Pack/Sprite/Wood.png
  artifactKey: Guid(1cafe3b92468c46cca28e6fdc360f8af) Importer(815301076,1909f56bfc062723c751e8b465ee728b)
Start importing Assets/113 2D Item Icon Pack/Sprite/Wood.png using Guid(1cafe3b92468c46cca28e6fdc360f8af) Importer(815301076,1909f56bfc062723c751e8b465ee728b)  -> (artifact id: '55775848efdc920b952fe008c1d315fb') in 0.009852 seconds 
========================================================================
Received Import Request.
  Time since last request: 24.918325 seconds.
  path: Assets/Prefabs/LaserTile.prefab
  artifactKey: Guid(b372bae18c2a99440affb01eecf66911) Importer(815301076,1909f56bfc062723c751e8b465ee728b)
Start importing Assets/Prefabs/LaserTile.prefab using Guid(b372bae18c2a99440affb01eecf66911) Importer(815301076,1909f56bfc062723c751e8b465ee728b)  -> (artifact id: 'c7885f85017970d90b28baf698ddfaec') in 0.037749 seconds 
========================================================================
Received Import Request.
  Time since last request: 4.389599 seconds.
  path: Assets/Prefabs/LaserTile.prefab
  artifactKey: Guid(b372bae18c2a99440affb01eecf66911) Importer(815301076,1909f56bfc062723c751e8b465ee728b)
Start importing Assets/Prefabs/LaserTile.prefab using Guid(b372bae18c2a99440affb01eecf66911) Importer(815301076,1909f56bfc062723c751e8b465ee728b)  -> (artifact id: '2ca3f6d0d2e5cb7bd1ee36ac8f4f2694') in 0.021299 seconds 
========================================================================
Received Import Request.
  Time since last request: 2.806067 seconds.
  path: Assets/Prefabs/LaserTile.prefab
  artifactKey: Guid(b372bae18c2a99440affb01eecf66911) Importer(815301076,1909f56bfc062723c751e8b465ee728b)
Start importing Assets/Prefabs/LaserTile.prefab using Guid(b372bae18c2a99440affb01eecf66911) Importer(815301076,1909f56bfc062723c751e8b465ee728b)  -> (artifact id: '198bdb3b7960cc0b3ebc1cfc7de89aa7') in 0.012392 seconds 
========================================================================
Received Import Request.
  Time since last request: 2.396051 seconds.
  path: Assets/Prefabs/LaserTile.prefab
  artifactKey: Guid(b372bae18c2a99440affb01eecf66911) Importer(815301076,1909f56bfc062723c751e8b465ee728b)
Start importing Assets/Prefabs/LaserTile.prefab using Guid(b372bae18c2a99440affb01eecf66911) Importer(815301076,1909f56bfc062723c751e8b465ee728b)  -> (artifact id: 'b0181f4b991c58db54d9b2503ff408bb') in 0.018367 seconds 
========================================================================
Received Import Request.
  Time since last request: 14.347609 seconds.
  path: Assets/Prefabs/LaserTile.prefab
  artifactKey: Guid(b372bae18c2a99440affb01eecf66911) Importer(815301076,1909f56bfc062723c751e8b465ee728b)
Start importing Assets/Prefabs/LaserTile.prefab using Guid(b372bae18c2a99440affb01eecf66911) Importer(815301076,1909f56bfc062723c751e8b465ee728b)  -> (artifact id: 'e2ad803fe447b14fd0a5a84a6652d5d7') in 0.011884 seconds 
========================================================================
Received Import Request.
  Time since last request: 1.634735 seconds.
  path: Assets/Prefabs/LaserTile.prefab
  artifactKey: Guid(b372bae18c2a99440affb01eecf66911) Importer(815301076,1909f56bfc062723c751e8b465ee728b)
Start importing Assets/Prefabs/LaserTile.prefab using Guid(b372bae18c2a99440affb01eecf66911) Importer(815301076,1909f56bfc062723c751e8b465ee728b)  -> (artifact id: 'ee0a63feba454d64a6b34ca7714cf766') in 0.014165 seconds 
========================================================================
Received Prepare
Registering precompiled user dll's ...
Registered in 0.003394 seconds.
Begin MonoManager ReloadAssembly
Symbol file LoadedFromMemory doesn't match image C:\Users\hunte\OneDrive\Documents\GitHub\Pop-Con-23-Unity-Game\PopCon23\Library\PackageCache\com.unity.visualscripting@1.8.0\Editor\VisualScripting.Core\Dependencies\YamlDotNet\Unity.VisualScripting.YamlDotNet.dll
Symbol file LoadedFromMemory doesn't match image C:\Users\hunte\OneDrive\Documents\GitHub\Pop-Con-23-Unity-Game\PopCon23\Library\PackageCache\com.unity.visualscripting@1.8.0\Editor\VisualScripting.Core\Dependencies\DotNetZip\Unity.VisualScripting.IonicZip.dll
Native extension for WindowsStandalone target not found
Refreshing native plugins compatible for Editor in 0.50 ms, found 6 plugins.
Preloading 0 native plugins for Editor in 0.00 ms.
Mono: successfully reloaded assembly
- Completed reload, in  0.707 seconds
Domain Reload Profiling:
	ReloadAssembly (708ms)
		BeginReloadAssembly (91ms)
			ExecutionOrderSort (0ms)
			DisableScriptedObjects (3ms)
			BackupInstance (0ms)
			ReleaseScriptingObjects (0ms)
			CreateAndSetChildDomain (24ms)
		EndReloadAssembly (554ms)
			LoadAssemblies (53ms)
			RebuildTransferFunctionScriptingTraits (0ms)
			SetupTypeCache (189ms)
			ReleaseScriptCaches (1ms)
			RebuildScriptCaches (29ms)
			SetupLoadedEditorAssemblies (245ms)
				LogAssemblyErrors (0ms)
				InitializePlatformSupportModulesInManaged (11ms)
				SetLoadedEditorAssemblies (1ms)
				RefreshPlugins (1ms)
				BeforeProcessingInitializeOnLoad (46ms)
				ProcessInitializeOnLoadAttributes (166ms)
				ProcessInitializeOnLoadMethodAttributes (16ms)
				AfterProcessingInitializeOnLoad (4ms)
				EditorAssembliesLoaded (0ms)
			ExecutionOrderSort2 (0ms)
			AwakeInstancesAfterBackupRestoration (5ms)
Platform modules already initialized, skipping
Refreshing native plugins compatible for Editor in 1.92 ms, found 6 plugins.
Preloading 0 native plugins for Editor in 0.00 ms.
Unloading 3286 Unused Serialized files (Serialized files now loaded: 0)
Unloading 27 unused Assets / (424.5 KB). Loaded Objects now: 3761.
Memory consumption went from 121.2 MB to 120.7 MB.
Total: 2.275900 ms (FindLiveObjects: 0.164700 ms CreateObjectMapping: 0.073200 ms MarkObjects: 1.779300 ms  DeleteObjects: 0.257800 ms)

AssetImportParameters requested are different than current active one (requested -> active):
  custom:video-decoder-ogg-theora: a1e56fd34408186e4bbccfd4996cb3dc -> 
  custom:container-muxer-webm: aa71ff27fc2769a1b78a27578f13a17b -> 
  custom:container-demuxer-webm: 4f35f7cbe854078d1ac9338744f61a02 -> 
  custom:video-encoder-webm-vp8: eb34c28f22e8b96e1ab97ce403110664 -> 
  custom:audio-encoder-webm-vorbis: bf7c407c2cedff20999df2af8eb42d56 -> 
  custom:framework-win-MediaFoundation: 216162199b28c13a410421893ffa2e32 -> 
  custom:container-demuxer-ogg: 62fdf1f143b41e24485cea50d1cbac27 -> 
  custom:video-decoder-webm-vp8: 9c59270c3fd7afecdb556c50c9e8de78 -> 
  custom:audio-decoder-ogg-vorbis: bf7c407c2cedff20999df2af8eb42d56 -> 
========================================================================
Received Import Request.
  Time since last request: 1206.413098 seconds.
  path: Assets/Materials/New Material 1.mat
  artifactKey: Guid(21b2d2470e0a5ca4987d02301ecb1d15) Importer(815301076,1909f56bfc062723c751e8b465ee728b)
Start importing Assets/Materials/New Material 1.mat using Guid(21b2d2470e0a5ca4987d02301ecb1d15) Importer(815301076,1909f56bfc062723c751e8b465ee728b)  -> (artifact id: 'c79d39395958cf2475483c832d2f0e43') in 0.075848 seconds 
========================================================================
Received Prepare
Registering precompiled user dll's ...
Registered in 0.002976 seconds.
Begin MonoManager ReloadAssembly
Symbol file LoadedFromMemory doesn't match image C:\Users\hunte\OneDrive\Documents\GitHub\Pop-Con-23-Unity-Game\PopCon23\Library\PackageCache\com.unity.visualscripting@1.8.0\Editor\VisualScripting.Core\Dependencies\YamlDotNet\Unity.VisualScripting.YamlDotNet.dll
Symbol file LoadedFromMemory doesn't match image C:\Users\hunte\OneDrive\Documents\GitHub\Pop-Con-23-Unity-Game\PopCon23\Library\PackageCache\com.unity.visualscripting@1.8.0\Editor\VisualScripting.Core\Dependencies\DotNetZip\Unity.VisualScripting.IonicZip.dll
Native extension for WindowsStandalone target not found
Refreshing native plugins compatible for Editor in 0.46 ms, found 6 plugins.
Preloading 0 native plugins for Editor in 0.00 ms.
Mono: successfully reloaded assembly
- Completed reload, in  0.671 seconds
Domain Reload Profiling:
	ReloadAssembly (671ms)
		BeginReloadAssembly (88ms)
			ExecutionOrderSort (0ms)
			DisableScriptedObjects (3ms)
			BackupInstance (0ms)
			ReleaseScriptingObjects (0ms)
			CreateAndSetChildDomain (25ms)
		EndReloadAssembly (524ms)
			LoadAssemblies (51ms)
			RebuildTransferFunctionScriptingTraits (0ms)
			SetupTypeCache (171ms)
			ReleaseScriptCaches (1ms)
			RebuildScriptCaches (29ms)
			SetupLoadedEditorAssemblies (233ms)
				LogAssemblyErrors (0ms)
				InitializePlatformSupportModulesInManaged (9ms)
				SetLoadedEditorAssemblies (0ms)
				RefreshPlugins (1ms)
				BeforeProcessingInitializeOnLoad (43ms)
				ProcessInitializeOnLoadAttributes (160ms)
				ProcessInitializeOnLoadMethodAttributes (16ms)
				AfterProcessingInitializeOnLoad (4ms)
				EditorAssembliesLoaded (0ms)
			ExecutionOrderSort2 (0ms)
			AwakeInstancesAfterBackupRestoration (5ms)
Platform modules already initialized, skipping
Refreshing native plugins compatible for Editor in 2.04 ms, found 6 plugins.
Preloading 0 native plugins for Editor in 0.00 ms.
Unloading 3286 Unused Serialized files (Serialized files now loaded: 0)
Unloading 27 unused Assets / (471.0 KB). Loaded Objects now: 3797.
Memory consumption went from 121.4 MB to 121.0 MB.
Total: 2.509700 ms (FindLiveObjects: 0.281300 ms CreateObjectMapping: 0.080800 ms MarkObjects: 1.970800 ms  DeleteObjects: 0.175700 ms)

AssetImportParameters requested are different than current active one (requested -> active):
  custom:video-decoder-ogg-theora: a1e56fd34408186e4bbccfd4996cb3dc -> 
  custom:container-muxer-webm: aa71ff27fc2769a1b78a27578f13a17b -> 
  custom:container-demuxer-webm: 4f35f7cbe854078d1ac9338744f61a02 -> 
  custom:video-encoder-webm-vp8: eb34c28f22e8b96e1ab97ce403110664 -> 
  custom:audio-encoder-webm-vorbis: bf7c407c2cedff20999df2af8eb42d56 -> 
  custom:framework-win-MediaFoundation: 216162199b28c13a410421893ffa2e32 -> 
  custom:container-demuxer-ogg: 62fdf1f143b41e24485cea50d1cbac27 -> 
  custom:video-decoder-webm-vp8: 9c59270c3fd7afecdb556c50c9e8de78 -> 
  custom:audio-decoder-ogg-vorbis: bf7c407c2cedff20999df2af8eb42d56 -> 
========================================================================
Received Prepare
Registering precompiled user dll's ...
Registered in 0.003716 seconds.
Begin MonoManager ReloadAssembly
Symbol file LoadedFromMemory doesn't match image C:\Users\hunte\OneDrive\Documents\GitHub\Pop-Con-23-Unity-Game\PopCon23\Library\PackageCache\com.unity.visualscripting@1.8.0\Editor\VisualScripting.Core\Dependencies\YamlDotNet\Unity.VisualScripting.YamlDotNet.dll
Symbol file LoadedFromMemory doesn't match image C:\Users\hunte\OneDrive\Documents\GitHub\Pop-Con-23-Unity-Game\PopCon23\Library\PackageCache\com.unity.visualscripting@1.8.0\Editor\VisualScripting.Core\Dependencies\DotNetZip\Unity.VisualScripting.IonicZip.dll
Native extension for WindowsStandalone target not found
Refreshing native plugins compatible for Editor in 0.42 ms, found 6 plugins.
Preloading 0 native plugins for Editor in 0.00 ms.
Mono: successfully reloaded assembly
- Completed reload, in  0.593 seconds
Domain Reload Profiling:
	ReloadAssembly (594ms)
		BeginReloadAssembly (87ms)
			ExecutionOrderSort (0ms)
			DisableScriptedObjects (3ms)
			BackupInstance (0ms)
			ReleaseScriptingObjects (0ms)
			CreateAndSetChildDomain (23ms)
		EndReloadAssembly (446ms)
			LoadAssemblies (51ms)
			RebuildTransferFunctionScriptingTraits (0ms)
			SetupTypeCache (158ms)
			ReleaseScriptCaches (1ms)
			RebuildScriptCaches (24ms)
			SetupLoadedEditorAssemblies (186ms)
				LogAssemblyErrors (0ms)
				InitializePlatformSupportModulesInManaged (8ms)
				SetLoadedEditorAssemblies (0ms)
				RefreshPlugins (0ms)
				BeforeProcessingInitializeOnLoad (39ms)
				ProcessInitializeOnLoadAttributes (124ms)
				ProcessInitializeOnLoadMethodAttributes (11ms)
				AfterProcessingInitializeOnLoad (3ms)
				EditorAssembliesLoaded (0ms)
			ExecutionOrderSort2 (0ms)
			AwakeInstancesAfterBackupRestoration (4ms)
Platform modules already initialized, skipping
Refreshing native plugins compatible for Editor in 1.90 ms, found 6 plugins.
Preloading 0 native plugins for Editor in 0.00 ms.
Unloading 3286 Unused Serialized files (Serialized files now loaded: 0)
Unloading 27 unused Assets / (424.7 KB). Loaded Objects now: 3800.
Memory consumption went from 121.4 MB to 120.9 MB.
Total: 2.264400 ms (FindLiveObjects: 0.170100 ms CreateObjectMapping: 0.076500 ms MarkObjects: 1.836900 ms  DeleteObjects: 0.180200 ms)

AssetImportParameters requested are different than current active one (requested -> active):
  custom:video-decoder-ogg-theora: a1e56fd34408186e4bbccfd4996cb3dc -> 
  custom:container-muxer-webm: aa71ff27fc2769a1b78a27578f13a17b -> 
  custom:container-demuxer-webm: 4f35f7cbe854078d1ac9338744f61a02 -> 
  custom:video-encoder-webm-vp8: eb34c28f22e8b96e1ab97ce403110664 -> 
  custom:audio-encoder-webm-vorbis: bf7c407c2cedff20999df2af8eb42d56 -> 
  custom:framework-win-MediaFoundation: 216162199b28c13a410421893ffa2e32 -> 
  custom:container-demuxer-ogg: 62fdf1f143b41e24485cea50d1cbac27 -> 
  custom:video-decoder-webm-vp8: 9c59270c3fd7afecdb556c50c9e8de78 -> 
  custom:audio-decoder-ogg-vorbis: bf7c407c2cedff20999df2af8eb42d56 -> 
